<?xml version="1.0" encoding="UTF-8"?>
<!-- Generated by org.testng.reporters.JUnitReportReporter -->
<testsuite hostname="PC0X15F8181009" failures="0" tests="1" name="Test1" time="0.009" errors="0" timestamp="2021-02-03T01:29:48 IST" skipped="0">
  <testcase classname="Test1" name="disp" time="0.009"/>
  <system-out/>
</testsuite> <!-- Test1 -->
